<?xml version="1.0" encoding="UTF-8"?>
<!-- Generated by org.testng.reporters.JUnitReportReporter -->
<testsuite hostname="hari" name="qsp1.TestA" tests="1" failures="0" timestamp="20 Sep 2018 07:41:36 GMT" time="0.003" errors="0">
  <testcase name="TestB" time="0.003" classname="qsp1.TestA"/>
</testsuite> <!-- qsp1.TestA -->
