<?xml version="1.0" encoding="UTF-8"?>
<!-- Generated by org.testng.reporters.JUnitReportReporter -->
<testsuite hostname="hari" name="qsp1.NewTest" tests="1" failures="0" timestamp="20 Sep 2018 07:41:55 GMT" time="0.010" errors="0">
  <testcase name="f" time="0.010" classname="qsp1.NewTest"/>
</testsuite> <!-- qsp1.NewTest -->
