<?xml version="1.0" encoding="UTF-8"?>
<!-- Generated by org.testng.reporters.JUnitReportReporter -->
<testsuite hostname="hari" name="qsp1.DemoL" tests="2" failures="0" timestamp="27 Sep 2018 15:56:28 GMT" time="30.396" errors="0">
  <testcase name="testGrid" time="11.991" classname="qsp1.DemoL"/>
  <testcase name="testGrid" time="18.405" classname="qsp1.DemoL"/>
</testsuite> <!-- qsp1.DemoL -->
