<?xml version="1.0" encoding="UTF-8"?>
<!-- Generated by org.testng.reporters.JUnitReportReporter -->
<testsuite hostname="hari" name="mahram.Datapro2" tests="1" failures="0" timestamp="26 Sep 2018 10:04:38 GMT" time="0.000" errors="0">
  <testcase name="createUser" time="0.000" classname="mahram.Datapro2"/>
</testsuite> <!-- mahram.Datapro2 -->
