<?xml version="1.0" encoding="UTF-8"?>
<!-- Generated by org.testng.reporters.JUnitReportReporter -->
<testsuite hostname="hari" name="mahram.DemoB" tests="2" failures="0" timestamp="21 Sep 2018 04:29:03 GMT" time="0.024" errors="0">
  <testcase name="testB2" time="0.008" classname="mahram.DemoB"/>
  <testcase name="testB1" time="0.016" classname="mahram.DemoB"/>
</testsuite> <!-- mahram.DemoB -->
