<?xml version="1.0" encoding="UTF-8"?>
<!-- Generated by org.testng.reporters.JUnitReportReporter -->
<testsuite hostname="hari" name="mahram.Datapro" tests="2" failures="0" timestamp="26 Sep 2018 11:00:45 GMT" time="0.026" errors="0">
  <testcase name="createUser" time="0.020" classname="mahram.Datapro"/>
  <testcase name="createUser" time="0.006" classname="mahram.Datapro"/>
</testsuite> <!-- mahram.Datapro -->
