<?xml version="1.0" encoding="UTF-8"?>
<!-- Generated by org.testng.reporters.JUnitReportReporter -->
<testsuite hostname="hari" name="qsp1.DemoH" tests="1" failures="0" timestamp="27 Sep 2018 05:49:30 GMT" time="3.211" errors="0">
  <testcase name="testGrid" time="3.211" classname="qsp1.DemoH"/>
</testsuite> <!-- qsp1.DemoH -->
