<?xml version="1.0" encoding="UTF-8"?>
<!-- Generated by org.testng.reporters.JUnitReportReporter -->
<testsuite hostname="hari" name="jsp.DemoB" tests="1" failures="0" timestamp="26 Sep 2018 03:46:19 GMT" time="0.012" errors="0">
  <testcase name="testA" time="0.012" classname="jsp.DemoB"/>
</testsuite> <!-- jsp.DemoB -->
