<?xml version="1.0" encoding="UTF-8"?>
<!-- Generated by org.testng.reporters.JUnitReportReporter -->
<testsuite hostname="hari" name="mahram.DemeE" tests="4" failures="0" timestamp="24 Sep 2018 07:01:18 GMT" time="0.009" errors="0">
  <testcase name="createProduct" time="0.002" classname="mahram.DemeE"/>
  <testcase name="deleteProduct" time="0.001" classname="mahram.DemeE"/>
  <testcase name="createUser" time="0.004" classname="mahram.DemeE"/>
  <testcase name="deleteUser" time="0.002" classname="mahram.DemeE"/>
</testsuite> <!-- mahram.DemeE -->
