<?xml version="1.0" encoding="UTF-8"?>
<!-- Generated by org.testng.reporters.JUnitReportReporter -->
<testsuite hostname="hari" name="jsp.DemoA" tests="4" failures="0" timestamp="21 Sep 2018 03:27:40 GMT" time="0.012" errors="0">
  <testcase name="editUser" time="0.008" classname="jsp.DemoA"/>
  <testcase name="editUser" time="0.000" classname="jsp.DemoA"/>
  <testcase name="createUser" time="0.000" classname="jsp.DemoA"/>
  <testcase name="editUser" time="0.004" classname="jsp.DemoA"/>
</testsuite> <!-- jsp.DemoA -->
