<?xml version="1.0" encoding="UTF-8"?>
<!-- Generated by org.testng.reporters.JUnitReportReporter -->
<testsuite hostname="hari" name="qsp1.DemoA" tests="1" failures="0" timestamp="27 Sep 2018 04:48:23 GMT" time="2.945" errors="0">
  <testcase name="testGrid" time="2.945" classname="qsp1.DemoA"/>
</testsuite> <!-- qsp1.DemoA -->
