<?xml version="1.0" encoding="UTF-8"?>
<!-- Generated by org.testng.reporters.JUnitReportReporter -->
<testsuite hostname="hari" name="mahram.Pra" tests="2" failures="0" timestamp="26 Sep 2018 11:44:03 GMT" time="0.016" errors="0">
  <testcase name="createUsre" time="0.016" classname="mahram.Pra"/>
  <testcase name="createUsre" time="0.000" classname="mahram.Pra"/>
</testsuite> <!-- mahram.Pra -->
