<?xml version="1.0" encoding="UTF-8"?>
<!-- Generated by org.testng.reporters.JUnitReportReporter -->
<testsuite hostname="hari" name="qsp1.TestLogin" tests="1" failures="0" timestamp="28 Sep 2018 03:18:06 GMT" time="0.015" errors="0">
  <testcase name="testGrid" time="0.015" classname="qsp1.TestLogin"/>
</testsuite> <!-- qsp1.TestLogin -->
