<?xml version="1.0" encoding="UTF-8"?>
<!-- Generated by org.testng.reporters.JUnitReportReporter -->
<testsuite hostname="hari" name="qsp1.DemoM" tests="1" failures="0" timestamp="28 Sep 2018 04:57:28 GMT" time="43.680" errors="0">
  <testcase name="testGrid" time="43.680" classname="qsp1.DemoM"/>
</testsuite> <!-- qsp1.DemoM -->
