<?xml version="1.0" encoding="UTF-8"?>
<!-- Generated by org.testng.reporters.JUnitReportReporter -->
<testsuite hostname="hari" name="btm.NewTest" tests="1" failures="0" timestamp="20 Sep 2018 04:38:43 GMT" time="0.013" errors="0">
  <testcase name="f" time="0.013" classname="btm.NewTest"/>
</testsuite> <!-- btm.NewTest -->
