<?xml version="1.0" encoding="UTF-8"?>
<!-- Generated by org.testng.reporters.JUnitReportReporter -->
<testsuite hostname="hari" name="qsp1.DemoF" tests="1" failures="0" timestamp="27 Sep 2018 06:03:14 GMT" time="3.333" errors="0">
  <testcase name="testGrid" time="3.333" classname="qsp1.DemoF"/>
</testsuite> <!-- qsp1.DemoF -->
