<?xml version="1.0" encoding="UTF-8"?>
<!-- Generated by org.testng.reporters.JUnitReportReporter -->
<testsuite hostname="hari" name="mahram.DemoA" tests="1" failures="0" timestamp="21 Sep 2018 04:29:03 GMT" time="0.004" errors="0">
  <testcase name="testA" time="0.004" classname="mahram.DemoA"/>
</testsuite> <!-- mahram.DemoA -->
