<?xml version="1.0" encoding="UTF-8"?>
<!-- Generated by org.testng.reporters.JUnitReportReporter -->
<testsuite hostname="hari" name="qsp.NewTest1" tests="1" failures="0" timestamp="20 Sep 2018 04:38:43 GMT" time="0.003" errors="0">
  <testcase name="f" time="0.003" classname="qsp.NewTest1"/>
</testsuite> <!-- qsp.NewTest1 -->
