<?xml version="1.0" encoding="UTF-8"?>
<!-- Generated by org.testng.reporters.JUnitReportReporter -->
<testsuite hostname="hari" name="jsp.NewTest1" tests="1" failures="0" timestamp="24 Sep 2018 04:31:42 GMT" time="0.016" errors="0">
  <testcase name="B" time="0.016" classname="jsp.NewTest1"/>
</testsuite> <!-- jsp.NewTest1 -->
