<?xml version="1.0" encoding="UTF-8"?>
<!-- Generated by org.testng.reporters.JUnitReportReporter -->
<testsuite hostname="hari" name="mahram.Grops" tests="4" failures="0" timestamp="7 Oct 2018 08:43:44 GMT" time="0.080" errors="0">
  <testcase name="createProduct" time="0.016" classname="mahram.Grops"/>
  <testcase name="deleteProduct" time="0.016" classname="mahram.Grops"/>
  <testcase name="deleteUser" time="0.016" classname="mahram.Grops"/>
  <testcase name="createUser" time="0.032" classname="mahram.Grops"/>
</testsuite> <!-- mahram.Grops -->
