<?xml version="1.0" encoding="UTF-8"?>
<!-- Generated by org.testng.reporters.JUnitReportReporter -->
<testsuite hostname="hari" name="mahram.DemoD" tests="2" failures="0" timestamp="26 Sep 2018 05:36:36 GMT" time="0.020" errors="0">
  <testcase name="createUser" time="0.016" classname="mahram.DemoD"/>
  <testcase name="createUser" time="0.004" classname="mahram.DemoD"/>
</testsuite> <!-- mahram.DemoD -->
